<?xml version="1.0" encoding="UTF-8"?>
<testng-results ignored="0" total="2" passed="2" failed="0" skipped="0">
  <reporter-output>
  </reporter-output>
  <suite started-at="2025-01-24T15:35:44 MSK" name="com.stv.factory.factorytests.MainFactoryTest" finished-at="2025-01-24T15:35:46 MSK" duration-ms="1973">
    <groups>
    </groups>
    <test started-at="2025-01-24T15:35:44 MSK" name="Command line test" finished-at="2025-01-24T15:35:46 MSK" duration-ms="1973">
      <class name="com.stv.factory.factorytests.MainFactoryTest">
        <test-method is-config="true" signature="setUp()[pri:0, instance:com.stv.factory.factorytests.MainFactoryTest@146587a2]" started-at="2025-01-24T15:35:44 MSK" name="setUp" description="Start browser" finished-at="2025-01-24T15:35:45 MSK" duration-ms="1445" status="PASS">
          <reporter-output>
          </reporter-output>
        </test-method> <!-- setUp -->
        <test-method signature="assertMainLogoIsDisplayed()[pri:0, instance:com.stv.factory.factorytests.MainFactoryTest@146587a2]" started-at="2025-01-24T15:35:45 MSK" name="assertMainLogoIsDisplayed" description="Assert the main page is loaded and main logo is visible" finished-at="2025-01-24T15:35:45 MSK" duration-ms="266" status="PASS">
          <reporter-output>
          </reporter-output>
        </test-method> <!-- assertMainLogoIsDisplayed -->
        <test-method signature="assertAdminPanelOpened()[pri:0, instance:com.stv.factory.factorytests.MainFactoryTest@146587a2]" started-at="2025-01-24T15:35:45 MSK" name="assertAdminPanelOpened" description="Assert the Navigation panel is loaded" finished-at="2025-01-24T15:35:46 MSK" depends-on-methods="com.stv.factory.factorytests.MainFactoryTest.assertMainLogoIsDisplayed" duration-ms="112" status="PASS">
          <reporter-output>
          </reporter-output>
        </test-method> <!-- assertAdminPanelOpened -->
        <test-method is-config="true" signature="afterClass()[pri:0, instance:com.stv.factory.factorytests.MainFactoryTest@146587a2]" started-at="2025-01-24T15:35:46 MSK" name="afterClass" finished-at="2025-01-24T15:35:46 MSK" duration-ms="121" status="PASS">
          <reporter-output>
          </reporter-output>
        </test-method> <!-- afterClass -->
      </class> <!-- com.stv.factory.factorytests.MainFactoryTest -->
    </test> <!-- Command line test -->
  </suite> <!-- com.stv.factory.factorytests.MainFactoryTest -->
</testng-results>
